<?xml version="1.0" encoding="UTF-8"?>
<!-- Generated by org.testng.reporters.JUnitXMLReporter -->
<testsuite ignored="0" hostname="bbfabcbdbcffffa43203ddccabcceedbdctwo-0" failures="1" tests="3" name="Surefire test" time="56.883" errors="0" timestamp="2023-12-28T08:22:02 UTC">
  <testcase classname="runner.Testcase3" name="TC_003" time="12.015">
    <failure type="java.lang.NoClassDefFoundError" message="uistore/WithdrawUI">
      <![CDATA[java.lang.NoClassDefFoundError: uistore/WithdrawUI
at pages.Withdraw.WithdrawTest(Withdraw.java:66)
at runner.Testcase3.TC_003(Testcase3.java:35)
at java.base/java.util.ArrayList.forEach(ArrayList.java:1541)
Caused by: java.lang.ClassNotFoundException: uistore.WithdrawUI
at java.base/jdk.internal.loader.BuiltinClassLoader.loadClass(BuiltinClassLoader.java:581)
at java.base/jdk.internal.loader.ClassLoaders$AppClassLoader.loadClass(ClassLoaders.java:178)
at java.base/java.lang.ClassLoader.loadClass(ClassLoader.java:527)
... 35 more
... Removed 32 stack frames]]>
    </failure>
  </testcase> <!-- TC_003 -->
  <testcase classname="runner.Testcase2" name="TC_002" time="14.609"/>
  <testcase classname="runner.Testcase1" name="TC_001" time="8.706"/>
</testsuite> <!-- Surefire test -->
